2016-04-14 19:22:33,989 8      [           main] ERROR             freemarker.runtime  - 

Expression property.value.typeName is undefined on line 22, column 17 in hbm/id.hbm.ftl.
The problematic instruction:
----------
==> ${property.value.typeName} [on line 22, column 15 in hbm/id.hbm.ftl]
 in include "id.hbm.ftl" [on line 72, column 2 in hbm/persistentclass.hbm.ftl]
 in include "persistentclass.hbm.ftl" [on line 34, column 1 in hbm/hibernate-mapping.hbm.ftl]
----------

Java backtrace for programmers:
----------
freemarker.core.InvalidReferenceException: Expression property.value.typeName is undefined on line 22, column 17 in hbm/id.hbm.ftl.
	at freemarker.core.TemplateObject.assertNonNull(TemplateObject.java:124)
	at freemarker.core.Expression.getStringValue(Expression.java:118)
	at freemarker.core.Expression.getStringValue(Expression.java:93)
	at freemarker.core.DollarVariable.accept(DollarVariable.java:76)
	at freemarker.core.Environment.visit(Environment.java:196)
	at freemarker.core.MixedContent.accept(MixedContent.java:92)
	at freemarker.core.Environment.visit(Environment.java:196)
	at freemarker.core.IfBlock.accept(IfBlock.java:82)
	at freemarker.core.Environment.visit(Environment.java:196)
	at freemarker.core.Environment.include(Environment.java:1375)
	at freemarker.core.Include.accept(Include.java:155)
	at freemarker.core.Environment.visit(Environment.java:196)
	at freemarker.core.MixedContent.accept(MixedContent.java:92)
	at freemarker.core.Environment.visit(Environment.java:196)
	at freemarker.core.IfBlock.accept(IfBlock.java:82)
	at freemarker.core.Environment.visit(Environment.java:196)
	at freemarker.core.IfBlock.accept(IfBlock.java:82)
	at freemarker.core.Environment.visit(Environment.java:196)
	at freemarker.core.MixedContent.accept(MixedContent.java:92)
	at freemarker.core.Environment.visit(Environment.java:196)
	at freemarker.core.Environment.include(Environment.java:1375)
	at freemarker.core.Include.accept(Include.java:155)
	at freemarker.core.Environment.visit(Environment.java:196)
	at freemarker.core.MixedContent.accept(MixedContent.java:92)
	at freemarker.core.Environment.visit(Environment.java:196)
	at freemarker.core.Environment.process(Environment.java:176)
	at freemarker.template.Template.process(Template.java:232)
	at org.hibernate.tool.hbm2x.TemplateHelper.processTemplate(TemplateHelper.java:255)
	at org.hibernate.tool.hbm2x.TemplateProducer.produceToString(TemplateProducer.java:67)
	at org.hibernate.tool.hbm2x.TemplateProducer.produce(TemplateProducer.java:28)
	at org.hibernate.tool.hbm2x.TemplateProducer.produce(TemplateProducer.java:103)
	at org.hibernate.tool.hbm2x.GenericExporter.exportPOJO(GenericExporter.java:148)
	at org.hibernate.eclipse.jdt.ui.wizards.NewHibernateMappingFileWizard$HibernateMappingExporter2.exportPOJO(NewHibernateMappingFileWizard.java:290)
	at org.hibernate.tool.hbm2x.GenericExporter.exportPersistentClass(GenericExporter.java:137)
	at org.hibernate.tool.hbm2x.GenericExporter$2.process(GenericExporter.java:43)
	at org.hibernate.tool.hbm2x.GenericExporter.doStart(GenericExporter.java:128)
	at org.hibernate.tool.hbm2x.HibernateMappingExporter.doStart(HibernateMappingExporter.java:34)
	at org.hibernate.tool.hbm2x.AbstractExporter.start(AbstractExporter.java:95)
	at org.hibernate.eclipse.jdt.ui.wizards.NewHibernateMappingFileWizard.getPlaces2Gen(NewHibernateMappingFileWizard.java:319)
	at org.hibernate.eclipse.jdt.ui.wizards.NewHibernateMappingFileWizard.handlePageChanging(NewHibernateMappingFileWizard.java:167)
	at org.eclipse.jface.wizard.WizardDialog$10.run(WizardDialog.java:1601)
	at org.eclipse.core.runtime.SafeRunner.run(SafeRunner.java:42)
	at org.eclipse.ui.internal.JFaceUtil$1.run(JFaceUtil.java:49)
	at org.eclipse.jface.util.SafeRunnable.run(SafeRunnable.java:175)
	at org.eclipse.jface.wizard.WizardDialog.firePageChanging(WizardDialog.java:1599)
	at org.eclipse.jface.wizard.WizardDialog.doPageChanging(WizardDialog.java:929)
	at org.eclipse.jface.wizard.WizardDialog.showPage(WizardDialog.java:1217)
	at org.eclipse.jface.wizard.WizardDialog.nextPressed(WizardDialog.java:915)
	at org.eclipse.jface.wizard.WizardDialog.buttonPressed(WizardDialog.java:428)
	at org.eclipse.jface.dialogs.Dialog$2.widgetSelected(Dialog.java:628)
	at org.eclipse.swt.widgets.TypedListener.handleEvent(TypedListener.java:248)
	at org.eclipse.swt.widgets.EventTable.sendEvent(EventTable.java:84)
	at org.eclipse.swt.widgets.Widget.sendEvent(Widget.java:1057)
	at org.eclipse.swt.widgets.Display.runDeferredEvents(Display.java:4170)
	at org.eclipse.swt.widgets.Display.readAndDispatch(Display.java:3759)
	at org.eclipse.jface.window.Window.runEventLoop(Window.java:826)
	at org.eclipse.jface.window.Window.open(Window.java:802)
	at org.eclipse.ui.internal.handlers.WizardHandler$New.executeHandler(WizardHandler.java:259)
	at org.eclipse.ui.internal.handlers.WizardHandler.execute(WizardHandler.java:279)
	at org.eclipse.ui.internal.handlers.HandlerProxy.execute(HandlerProxy.java:290)
	at org.eclipse.ui.internal.handlers.E4HandlerProxy.execute(E4HandlerProxy.java:90)
	at sun.reflect.GeneratedMethodAccessor29.invoke(Unknown Source)
	at sun.reflect.DelegatingMethodAccessorImpl.invoke(Unknown Source)
	at java.lang.reflect.Method.invoke(Unknown Source)
	at org.eclipse.e4.core.internal.di.MethodRequestor.execute(MethodRequestor.java:56)
	at org.eclipse.e4.core.internal.di.InjectorImpl.invokeUsingClass(InjectorImpl.java:243)
	at org.eclipse.e4.core.internal.di.InjectorImpl.invoke(InjectorImpl.java:224)
	at org.eclipse.e4.core.contexts.ContextInjectionFactory.invoke(ContextInjectionFactory.java:132)
	at org.eclipse.e4.core.commands.internal.HandlerServiceHandler.execute(HandlerServiceHandler.java:167)
	at org.eclipse.core.commands.Command.executeWithChecks(Command.java:499)
	at org.eclipse.core.commands.ParameterizedCommand.executeWithChecks(ParameterizedCommand.java:508)
	at org.eclipse.e4.core.commands.internal.HandlerServiceImpl.executeHandler(HandlerServiceImpl.java:213)
	at org.eclipse.ui.internal.handlers.LegacyHandlerService.executeCommand(LegacyHandlerService.java:420)
	at org.eclipse.ui.internal.actions.CommandAction.runWithEvent(CommandAction.java:157)
	at org.eclipse.jface.action.ActionContributionItem.handleWidgetSelection(ActionContributionItem.java:584)
	at org.eclipse.jface.action.ActionContributionItem.access$2(ActionContributionItem.java:501)
	at org.eclipse.jface.action.ActionContributionItem$5.handleEvent(ActionContributionItem.java:411)
	at org.eclipse.swt.widgets.EventTable.sendEvent(EventTable.java:84)
	at org.eclipse.swt.widgets.Widget.sendEvent(Widget.java:1057)
	at org.eclipse.swt.widgets.Display.runDeferredEvents(Display.java:4170)
	at org.eclipse.swt.widgets.Display.readAndDispatch(Display.java:3759)
	at org.eclipse.e4.ui.internal.workbench.swt.PartRenderingEngine$9.run(PartRenderingEngine.java:1113)
	at org.eclipse.core.databinding.observable.Realm.runWithDefault(Realm.java:332)
	at org.eclipse.e4.ui.internal.workbench.swt.PartRenderingEngine.run(PartRenderingEngine.java:997)
	at org.eclipse.e4.ui.internal.workbench.E4Workbench.createAndRunUI(E4Workbench.java:140)
	at org.eclipse.ui.internal.Workbench$5.run(Workbench.java:611)
	at org.eclipse.core.databinding.observable.Realm.runWithDefault(Realm.java:332)
	at org.eclipse.ui.internal.Workbench.createAndRunWorkbench(Workbench.java:567)
	at org.eclipse.ui.PlatformUI.createAndRunWorkbench(PlatformUI.java:150)
	at org.eclipse.ui.internal.ide.application.IDEApplication.start(IDEApplication.java:124)
	at org.eclipse.equinox.internal.app.EclipseAppHandle.run(EclipseAppHandle.java:196)
	at org.eclipse.core.runtime.internal.adaptor.EclipseAppLauncher.runApplication(EclipseAppLauncher.java:110)
	at org.eclipse.core.runtime.internal.adaptor.EclipseAppLauncher.start(EclipseAppLauncher.java:79)
	at org.eclipse.core.runtime.adaptor.EclipseStarter.run(EclipseStarter.java:354)
	at org.eclipse.core.runtime.adaptor.EclipseStarter.run(EclipseStarter.java:181)
	at sun.reflect.NativeMethodAccessorImpl.invoke0(Native Method)
	at sun.reflect.NativeMethodAccessorImpl.invoke(Unknown Source)
	at sun.reflect.DelegatingMethodAccessorImpl.invoke(Unknown Source)
	at java.lang.reflect.Method.invoke(Unknown Source)
	at org.eclipse.equinox.launcher.Main.invokeFramework(Main.java:636)
	at org.eclipse.equinox.launcher.Main.basicRun(Main.java:591)
	at org.eclipse.equinox.launcher.Main.run(Main.java:1450)
2016-04-14 19:22:43,958 9977   [           main] ERROR             freemarker.runtime  - 

Expression property.value.typeName is undefined on line 22, column 17 in hbm/id.hbm.ftl.
The problematic instruction:
----------
==> ${property.value.typeName} [on line 22, column 15 in hbm/id.hbm.ftl]
 in include "id.hbm.ftl" [on line 72, column 2 in hbm/persistentclass.hbm.ftl]
 in include "persistentclass.hbm.ftl" [on line 34, column 1 in hbm/hibernate-mapping.hbm.ftl]
----------

Java backtrace for programmers:
----------
freemarker.core.InvalidReferenceException: Expression property.value.typeName is undefined on line 22, column 17 in hbm/id.hbm.ftl.
	at freemarker.core.TemplateObject.assertNonNull(TemplateObject.java:124)
	at freemarker.core.Expression.getStringValue(Expression.java:118)
	at freemarker.core.Expression.getStringValue(Expression.java:93)
	at freemarker.core.DollarVariable.accept(DollarVariable.java:76)
	at freemarker.core.Environment.visit(Environment.java:196)
	at freemarker.core.MixedContent.accept(MixedContent.java:92)
	at freemarker.core.Environment.visit(Environment.java:196)
	at freemarker.core.IfBlock.accept(IfBlock.java:82)
	at freemarker.core.Environment.visit(Environment.java:196)
	at freemarker.core.Environment.include(Environment.java:1375)
	at freemarker.core.Include.accept(Include.java:155)
	at freemarker.core.Environment.visit(Environment.java:196)
	at freemarker.core.MixedContent.accept(MixedContent.java:92)
	at freemarker.core.Environment.visit(Environment.java:196)
	at freemarker.core.IfBlock.accept(IfBlock.java:82)
	at freemarker.core.Environment.visit(Environment.java:196)
	at freemarker.core.IfBlock.accept(IfBlock.java:82)
	at freemarker.core.Environment.visit(Environment.java:196)
	at freemarker.core.MixedContent.accept(MixedContent.java:92)
	at freemarker.core.Environment.visit(Environment.java:196)
	at freemarker.core.Environment.include(Environment.java:1375)
	at freemarker.core.Include.accept(Include.java:155)
	at freemarker.core.Environment.visit(Environment.java:196)
	at freemarker.core.MixedContent.accept(MixedContent.java:92)
	at freemarker.core.Environment.visit(Environment.java:196)
	at freemarker.core.Environment.process(Environment.java:176)
	at freemarker.template.Template.process(Template.java:232)
	at org.hibernate.tool.hbm2x.TemplateHelper.processTemplate(TemplateHelper.java:255)
	at org.hibernate.tool.hbm2x.TemplateProducer.produceToString(TemplateProducer.java:67)
	at org.hibernate.tool.hbm2x.TemplateProducer.produce(TemplateProducer.java:28)
	at org.hibernate.tool.hbm2x.TemplateProducer.produce(TemplateProducer.java:103)
	at org.hibernate.tool.hbm2x.GenericExporter.exportPOJO(GenericExporter.java:148)
	at org.hibernate.eclipse.jdt.ui.wizards.NewHibernateMappingFileWizard$HibernateMappingExporter2.exportPOJO(NewHibernateMappingFileWizard.java:290)
	at org.hibernate.tool.hbm2x.GenericExporter.exportPersistentClass(GenericExporter.java:137)
	at org.hibernate.tool.hbm2x.GenericExporter$2.process(GenericExporter.java:43)
	at org.hibernate.tool.hbm2x.GenericExporter.doStart(GenericExporter.java:128)
	at org.hibernate.tool.hbm2x.HibernateMappingExporter.doStart(HibernateMappingExporter.java:34)
	at org.hibernate.tool.hbm2x.AbstractExporter.start(AbstractExporter.java:95)
	at org.hibernate.eclipse.jdt.ui.wizards.NewHibernateMappingFileWizard.getPlaces2Gen(NewHibernateMappingFileWizard.java:319)
	at org.hibernate.eclipse.jdt.ui.wizards.NewHibernateMappingFileWizard.handlePageChanging(NewHibernateMappingFileWizard.java:167)
	at org.eclipse.jface.wizard.WizardDialog$10.run(WizardDialog.java:1601)
	at org.eclipse.core.runtime.SafeRunner.run(SafeRunner.java:42)
	at org.eclipse.ui.internal.JFaceUtil$1.run(JFaceUtil.java:49)
	at org.eclipse.jface.util.SafeRunnable.run(SafeRunnable.java:175)
	at org.eclipse.jface.wizard.WizardDialog.firePageChanging(WizardDialog.java:1599)
	at org.eclipse.jface.wizard.WizardDialog.doPageChanging(WizardDialog.java:929)
	at org.eclipse.jface.wizard.WizardDialog.showPage(WizardDialog.java:1217)
	at org.eclipse.jface.wizard.WizardDialog.nextPressed(WizardDialog.java:915)
	at org.eclipse.jface.wizard.WizardDialog.buttonPressed(WizardDialog.java:428)
	at org.eclipse.jface.dialogs.Dialog$2.widgetSelected(Dialog.java:628)
	at org.eclipse.swt.widgets.TypedListener.handleEvent(TypedListener.java:248)
	at org.eclipse.swt.widgets.EventTable.sendEvent(EventTable.java:84)
	at org.eclipse.swt.widgets.Widget.sendEvent(Widget.java:1057)
	at org.eclipse.swt.widgets.Display.runDeferredEvents(Display.java:4170)
	at org.eclipse.swt.widgets.Display.readAndDispatch(Display.java:3759)
	at org.eclipse.jface.window.Window.runEventLoop(Window.java:826)
	at org.eclipse.jface.window.Window.open(Window.java:802)
	at org.eclipse.ui.internal.handlers.WizardHandler$New.executeHandler(WizardHandler.java:259)
	at org.eclipse.ui.internal.handlers.WizardHandler.execute(WizardHandler.java:279)
	at org.eclipse.ui.internal.handlers.HandlerProxy.execute(HandlerProxy.java:290)
	at org.eclipse.ui.internal.handlers.E4HandlerProxy.execute(E4HandlerProxy.java:90)
	at sun.reflect.GeneratedMethodAccessor29.invoke(Unknown Source)
	at sun.reflect.DelegatingMethodAccessorImpl.invoke(Unknown Source)
	at java.lang.reflect.Method.invoke(Unknown Source)
	at org.eclipse.e4.core.internal.di.MethodRequestor.execute(MethodRequestor.java:56)
	at org.eclipse.e4.core.internal.di.InjectorImpl.invokeUsingClass(InjectorImpl.java:243)
	at org.eclipse.e4.core.internal.di.InjectorImpl.invoke(InjectorImpl.java:224)
	at org.eclipse.e4.core.contexts.ContextInjectionFactory.invoke(ContextInjectionFactory.java:132)
	at org.eclipse.e4.core.commands.internal.HandlerServiceHandler.execute(HandlerServiceHandler.java:167)
	at org.eclipse.core.commands.Command.executeWithChecks(Command.java:499)
	at org.eclipse.core.commands.ParameterizedCommand.executeWithChecks(ParameterizedCommand.java:508)
	at org.eclipse.e4.core.commands.internal.HandlerServiceImpl.executeHandler(HandlerServiceImpl.java:213)
	at org.eclipse.ui.internal.handlers.LegacyHandlerService.executeCommand(LegacyHandlerService.java:420)
	at org.eclipse.ui.internal.actions.CommandAction.runWithEvent(CommandAction.java:157)
	at org.eclipse.jface.action.ActionContributionItem.handleWidgetSelection(ActionContributionItem.java:584)
	at org.eclipse.jface.action.ActionContributionItem.access$2(ActionContributionItem.java:501)
	at org.eclipse.jface.action.ActionContributionItem$5.handleEvent(ActionContributionItem.java:411)
	at org.eclipse.swt.widgets.EventTable.sendEvent(EventTable.java:84)
	at org.eclipse.swt.widgets.Widget.sendEvent(Widget.java:1057)
	at org.eclipse.swt.widgets.Display.runDeferredEvents(Display.java:4170)
	at org.eclipse.swt.widgets.Display.readAndDispatch(Display.java:3759)
	at org.eclipse.e4.ui.internal.workbench.swt.PartRenderingEngine$9.run(PartRenderingEngine.java:1113)
	at org.eclipse.core.databinding.observable.Realm.runWithDefault(Realm.java:332)
	at org.eclipse.e4.ui.internal.workbench.swt.PartRenderingEngine.run(PartRenderingEngine.java:997)
	at org.eclipse.e4.ui.internal.workbench.E4Workbench.createAndRunUI(E4Workbench.java:140)
	at org.eclipse.ui.internal.Workbench$5.run(Workbench.java:611)
	at org.eclipse.core.databinding.observable.Realm.runWithDefault(Realm.java:332)
	at org.eclipse.ui.internal.Workbench.createAndRunWorkbench(Workbench.java:567)
	at org.eclipse.ui.PlatformUI.createAndRunWorkbench(PlatformUI.java:150)
	at org.eclipse.ui.internal.ide.application.IDEApplication.start(IDEApplication.java:124)
	at org.eclipse.equinox.internal.app.EclipseAppHandle.run(EclipseAppHandle.java:196)
	at org.eclipse.core.runtime.internal.adaptor.EclipseAppLauncher.runApplication(EclipseAppLauncher.java:110)
	at org.eclipse.core.runtime.internal.adaptor.EclipseAppLauncher.start(EclipseAppLauncher.java:79)
	at org.eclipse.core.runtime.adaptor.EclipseStarter.run(EclipseStarter.java:354)
	at org.eclipse.core.runtime.adaptor.EclipseStarter.run(EclipseStarter.java:181)
	at sun.reflect.NativeMethodAccessorImpl.invoke0(Native Method)
	at sun.reflect.NativeMethodAccessorImpl.invoke(Unknown Source)
	at sun.reflect.DelegatingMethodAccessorImpl.invoke(Unknown Source)
	at java.lang.reflect.Method.invoke(Unknown Source)
	at org.eclipse.equinox.launcher.Main.invokeFramework(Main.java:636)
	at org.eclipse.equinox.launcher.Main.basicRun(Main.java:591)
	at org.eclipse.equinox.launcher.Main.run(Main.java:1450)
